[    0.000000] Linux version 4.15.0-175-generic (buildd@lcy02-amd64-034) (gcc version 7.5.0 (Ubuntu 7.5.0-3ubuntu1~18.04)) #184-Ubuntu SMP Thu Mar 24 17:48:36 UTC 2022 (Ubuntu 4.15.0-175.184-generic 4.15.18)
[    0.000000] Command line: BOOT_IMAGE=/boot/vmlinuz-4.15.0-175-generic root=LABEL=cloudimg-rootfs ro console=tty1 console=ttyS0
[    0.000000] KERNEL supported cpus:
[    0.000000]   Intel GenuineIntel
[    0.000000]   AMD AuthenticAMD
[    0.000000]   Centaur CentaurHauls
[    0.000000] x86/fpu: Supporting XSAVE feature 0x001: 'x87 floating point registers'
[    0.000000] x86/fpu: Supporting XSAVE feature 0x002: 'SSE registers'
[    0.000000] x86/fpu: Supporting XSAVE feature 0x004: 'AVX registers'
[    0.000000] x86/fpu: xstate_offset[2]:  576, xstate_sizes[2]:  256
[    0.000000] x86/fpu: Enabled xstate features 0x7, context size is 832 bytes, using 'standard' format.
[    0.000000] e820: BIOS-provided physical RAM map:
[    0.000000] BIOS-e820: [mem 0x0000000000000000-0x000000000009fbff] usable
[    0.000000] BIOS-e820: [mem 0x000000000009fc00-0x000000000009ffff] reserved
[    0.000000] BIOS-e820: [mem 0x00000000000f0000-0x00000000000fffff] reserved
[    0.000000] BIOS-e820: [mem 0x0000000000100000-0x000000007ffeffff] usable
[    0.000000] BIOS-e820: [mem 0x000000007fff0000-0x000000007fffffff] ACPI data
[    0.000000] BIOS-e820: [mem 0x00000000fec00000-0x00000000fec00fff] reserved
[    0.000000] BIOS-e820: [mem 0x00000000fee00000-0x00000000fee00fff] reserved
[    0.000000] BIOS-e820: [mem 0x00000000fffc0000-0x00000000ffffffff] reserved
[    0.000000] NX (Execute Disable) protection: active
[    0.000000] SMBIOS 2.5 present.
[    0.000000] DMI: innotek GmbH VirtualBox/VirtualBox, BIOS VirtualBox 12/01/2006
[    0.000000] Hypervisor detected: KVM
[    0.000000] e820: last_pfn = 0x7fff0 max_arch_pfn = 0x400000000
[    0.000000] MTRR: Disabled
[    0.000000] x86/PAT: MTRRs disabled, skipping PAT initialization too.
[    0.000000] CPU MTRRs all blank - virtualized system.
[    0.000000] x86/PAT: Configuration [0-7]: WB  WT  UC- UC  WB  WT  UC- UC  
[    0.000000] found SMP MP-table at [mem 0x0009fff0-0x0009ffff]
[    0.000000] Scanning 1 areas for low memory corruption
[    0.000000] RAMDISK: [mem 0x359cb000-0x36cdcfff]
[    0.000000] ACPI: Early table checksum verification disabled
[    0.000000] ACPI: RSDP 0x00000000000E0000 000024 (v02 VBOX  )
[    0.000000] ACPI: XSDT 0x000000007FFF0030 00003C (v01 VBOX   VBOXXSDT 00000001 ASL  00000061)
[    0.000000] ACPI: FACP 0x000000007FFF00F0 0000F4 (v04 VBOX   VBOXFACP 00000001 ASL  00000061)
[    0.000000] ACPI: DSDT 0x000000007FFF0470 002325 (v02 VBOX   VBOXBIOS 00000002 INTL 20190509)
[    0.000000] ACPI: FACS 0x000000007FFF0200 000040
[    0.000000] ACPI: FACS 0x000000007FFF0200 000040
[    0.000000] ACPI: APIC 0x000000007FFF0240 00005C (v02 VBOX   VBOXAPIC 00000001 ASL  00000061)
[    0.000000] ACPI: SSDT 0x000000007FFF02A0 0001CC (v01 VBOX   VBOXCPUT 00000002 INTL 20190509)
[    0.000000] ACPI: Reserving FACP table memory at [mem 0x7fff00f0-0x7fff01e3]
[    0.000000] ACPI: Reserving DSDT table memory at [mem 0x7fff0470-0x7fff2794]
[    0.000000] ACPI: Reserving FACS table memory at [mem 0x7fff0200-0x7fff023f]
[    0.000000] ACPI: Reserving FACS table memory at [mem 0x7fff0200-0x7fff023f]
[    0.000000] ACPI: Reserving APIC table memory at [mem 0x7fff0240-0x7fff029b]
[    0.000000] ACPI: Reserving SSDT table memory at [mem 0x7fff02a0-0x7fff046b]
[    0.000000] No NUMA configuration found
[    0.000000] Faking a node at [mem 0x0000000000000000-0x000000007ffeffff]
[    0.000000] NODE_DATA(0) allocated [mem 0x7ffc5000-0x7ffeffff]
[    0.000000] kvm-clock: cpu 0, msr 0:7ff44001, primary cpu clock
[    0.000000] kvm-clock: Using msrs 4b564d01 and 4b564d00
[    0.000000] kvm-clock: using sched offset of 3053587217 cycles
[    0.000000] clocksource: kvm-clock: mask: 0xffffffffffffffff max_cycles: 0x1cd42e4dffb, max_idle_ns: 881590591483 ns
[    0.000000] Zone ranges:
[    0.000000]   DMA      [mem 0x0000000000001000-0x0000000000ffffff]
[    0.000000]   DMA32    [mem 0x0000000001000000-0x000000007ffeffff]
[    0.000000]   Normal   empty
[    0.000000]   Device   empty
[    0.000000] Movable zone start for each node
[    0.000000] Early memory node ranges
[    0.000000]   node   0: [mem 0x0000000000001000-0x000000000009efff]
[    0.000000]   node   0: [mem 0x0000000000100000-0x000000007ffeffff]
[    0.000000] Reserved but unavailable: 104 pages
[    0.000000] Initmem setup node 0 [mem 0x0000000000001000-0x000000007ffeffff]
[    0.000000] ACPI: PM-Timer IO Port: 0x4008
[    0.000000] IOAPIC[0]: apic_id 2, version 32, address 0xfec00000, GSI 0-23
[    0.000000] ACPI: INT_SRC_OVR (bus 0 bus_irq 0 global_irq 2 dfl dfl)
[    0.000000] ACPI: INT_SRC_OVR (bus 0 bus_irq 9 global_irq 9 low level)
[    0.000000] Using ACPI (MADT) for SMP configuration information
[    0.000000] smpboot: Allowing 2 CPUs, 0 hotplug CPUs
[    0.000000] PM: Registered nosave memory: [mem 0x00000000-0x00000fff]
[    0.000000] PM: Registered nosave memory: [mem 0x0009f000-0x0009ffff]
[    0.000000] PM: Registered nosave memory: [mem 0x000a0000-0x000effff]
[    0.000000] PM: Registered nosave memory: [mem 0x000f0000-0x000fffff]
[    0.000000] e820: [mem 0x80000000-0xfebfffff] available for PCI devices
[    0.000000] Booting paravirtualized kernel on KVM
[    0.000000] clocksource: refined-jiffies: mask: 0xffffffff max_cycles: 0xffffffff, max_idle_ns: 7645519600211568 ns
[    0.000000] random: get_random_bytes called from start_kernel+0x99/0x500 with crng_init=0
[    0.000000] setup_percpu: NR_CPUS:8192 nr_cpumask_bits:2 nr_cpu_ids:2 nr_node_ids:1
[    0.000000] percpu: Embedded 50 pages/cpu s167936 r8192 d28672 u1048576
[    0.000000] PV qspinlock hash table entries: 256 (order: 0, 4096 bytes)
[    0.000000] Built 1 zonelists, mobility grouping on.  Total pages: 515961
[    0.000000] Policy zone: DMA32
[    0.000000] Kernel command line: BOOT_IMAGE=/boot/vmlinuz-4.15.0-175-generic root=LABEL=cloudimg-rootfs ro console=tty1 console=ttyS0
[    0.000000] Memory: 2014840K/2096696K available (12300K kernel code, 2484K rwdata, 4324K rodata, 2468K init, 2724K bss, 81856K reserved, 0K cma-reserved)
[    0.000000] SLUB: HWalign=64, Order=0-3, MinObjects=0, CPUs=2, Nodes=1
[    0.000000] Kernel/User page tables isolation: enabled
[    0.000000] ftrace: allocating 39503 entries in 155 pages
[    0.004000] Hierarchical RCU implementation.
[    0.004000] 	RCU restricting CPUs from NR_CPUS=8192 to nr_cpu_ids=2.
[    0.004000] 	Tasks RCU enabled.
[    0.004000] RCU: Adjusting geometry for rcu_fanout_leaf=16, nr_cpu_ids=2
[    0.004000] NR_IRQS: 524544, nr_irqs: 440, preallocated irqs: 16
[    0.004000] Console: colour VGA+ 80x25
[    0.004000] console [tty1] enabled
[    0.004000] console [ttyS0] enabled
[    0.004000] ACPI: Core revision 20170831
[    0.004000] ACPI: 2 ACPI AML tables successfully acquired and loaded
[    0.004000] APIC: Switch to symmetric I/O mode setup
[    0.004000] x2apic enabled
[    0.004000] Switched APIC routing to physical x2apic.
[    0.004000] ..TIMER: vector=0x30 apic1=0 pin1=2 apic2=-1 pin2=-1
[    0.004000] tsc: Detected 2904.016 MHz processor
[    0.004000] Calibrating delay loop (skipped) preset value.. 5808.03 BogoMIPS (lpj=11616064)
[    0.004003] pid_max: default: 32768 minimum: 301
[    0.004596] Security Framework initialized
[    0.005088] Yama: becoming mindful.
[    0.005528] AppArmor: AppArmor initialized
[    0.006727] Dentry cache hash table entries: 262144 (order: 9, 2097152 bytes)
[    0.008446] Inode-cache hash table entries: 131072 (order: 8, 1048576 bytes)
[    0.009279] Mount-cache hash table entries: 4096 (order: 3, 32768 bytes)
[    0.010032] Mountpoint-cache hash table entries: 4096 (order: 3, 32768 bytes)
[    0.011021] Last level iTLB entries: 4KB 64, 2MB 8, 4MB 8
[    0.011642] Last level dTLB entries: 4KB 64, 2MB 0, 4MB 0, 1GB 4
[    0.012003] Spectre V1 : Mitigation: usercopy/swapgs barriers and __user pointer sanitization
[    0.013100] Spectre V2 : Mitigation: Retpolines
[    0.013677] Spectre V2 : Spectre v2 / SpectreRSB mitigation: Filling RSB on context switch
[    0.014659] Speculative Store Bypass: Vulnerable
[    0.016033] MDS: Mitigation: Clear CPU buffers
[    0.016685] Freeing SMP alternatives memory: 36K
[    0.127009] smpboot: CPU0: Intel(R) Core(TM) i5-10400 CPU @ 2.90GHz (family: 0x6, model: 0xa5, stepping: 0x3)
[    0.128000] Performance Events: unsupported p6 CPU model 165 no PMU driver, software events only.
[    0.128000] Hierarchical SRCU implementation.
[    0.128000] NMI watchdog: Perf event create on CPU 0 failed with -2
[    0.128001] NMI watchdog: Perf NMI watchdog permanently disabled
[    0.128739] smp: Bringing up secondary CPUs ...
[    0.129344] x86: Booting SMP configuration:
[    0.129857] .... node  #0, CPUs:      #1
[    0.004000] kvm-clock: cpu 1, msr 0:7ff44041, secondary cpu clock
[    0.132014] smp: Brought up 1 node, 2 CPUs
[    0.132510] smpboot: Max logical packages: 1
[    0.133070] smpboot: Total of 2 processors activated (11616.06 BogoMIPS)
[    0.133951] devtmpfs: initialized
[    0.133951] x86/mm: Memory block size: 128MB
[    0.136143] evm: security.selinux
[    0.136564] evm: security.SMACK64
[    0.136985] evm: security.SMACK64EXEC
[    0.137440] evm: security.SMACK64TRANSMUTE
[    0.137984] evm: security.SMACK64MMAP
[    0.138443] evm: security.apparmor
[    0.138870] evm: security.ima
[    0.139255] evm: security.capability
[    0.140054] clocksource: jiffies: mask: 0xffffffff max_cycles: 0xffffffff, max_idle_ns: 7645041785100000 ns
[    0.141132] futex hash table entries: 512 (order: 3, 32768 bytes)
[    0.141877] pinctrl core: initialized pinctrl subsystem
[    0.142616] RTC time:  7:47:06, date: 04/20/22
[    0.143267] NET: Registered protocol family 16
[    0.144031] audit: initializing netlink subsys (disabled)
[    0.144689] audit: type=2000 audit(1650440831.140:1): state=initialized audit_enabled=0 res=1
[    0.144689] cpuidle: using governor ladder
[    0.144689] cpuidle: using governor menu
[    0.145060] ACPI: bus type PCI registered
[    0.145560] acpiphp: ACPI Hot Plug PCI Controller Driver version: 0.5
[    0.148068] PCI: Using configuration type 1 for base access
[    0.148748] HugeTLB registered 2.00 MiB page size, pre-allocated 0 pages
[    0.148855] ACPI: Added _OSI(Module Device)
[    0.148855] ACPI: Added _OSI(Processor Device)
[    0.152006] ACPI: Added _OSI(3.0 _SCP Extensions)
[    0.152572] ACPI: Added _OSI(Processor Aggregator Device)
[    0.153215] ACPI: Added _OSI(Linux-Dell-Video)
[    0.153753] ACPI: Added _OSI(Linux-Lenovo-NV-HDMI-Audio)
[    0.154424] ACPI: Added _OSI(Linux-HPI-Hybrid-Graphics)
[    0.155229] ACPI: Executed 1 blocks of module-level executable AML code
[    0.158307] ACPI: Interpreter enabled
[    0.158774] ACPI: (supports S0 S5)
[    0.160001] ACPI: Using IOAPIC for interrupt routing
[    0.160752] PCI: Using host bridge windows from ACPI; if necessary, use "pci=nocrs" and report a bug
[    0.161931] ACPI: Enabled 2 GPEs in block 00 to 07
[    0.166741] ACPI: PCI Root Bridge [PCI0] (domain 0000 [bus 00-ff])
[    0.167509] acpi PNP0A03:00: _OSC: OS supports [ASPM ClockPM Segments MSI]
[    0.168334] acpi PNP0A03:00: _OSC: not requesting OS control; OS requires [ExtendedConfig ASPM ClockPM MSI]
[    0.169476] acpi PNP0A03:00: fail to add MMCONFIG information, can't access extended PCI configuration space under this bridge.
[    0.171083] PCI host bridge to bus 0000:00
[    0.171589] pci_bus 0000:00: root bus resource [io  0x0000-0x0cf7 window]
[    0.172002] pci_bus 0000:00: root bus resource [io  0x0d00-0xffff window]
[    0.172796] pci_bus 0000:00: root bus resource [mem 0x000a0000-0x000bffff window]
[    0.173692] pci_bus 0000:00: root bus resource [mem 0x80000000-0xfdffffff window]
[    0.175060] pci_bus 0000:00: root bus resource [bus 00-ff]
[    0.177242] pci 0000:00:01.1: legacy IDE quirk: reg 0x10: [io  0x01f0-0x01f7]
[    0.178062] pci 0000:00:01.1: legacy IDE quirk: reg 0x14: [io  0x03f6]
[    0.178871] pci 0000:00:01.1: legacy IDE quirk: reg 0x18: [io  0x0170-0x0177]
[    0.180002] pci 0000:00:01.1: legacy IDE quirk: reg 0x1c: [io  0x0376]
[    0.193881] pci 0000:00:07.0: quirk: [io  0x4000-0x403f] claimed by PIIX4 ACPI
[    0.194773] pci 0000:00:07.0: quirk: [io  0x4100-0x410f] claimed by PIIX4 SMB
[    0.202192] ACPI: PCI Interrupt Link [LNKA] (IRQs 5 9 10 *11)
[    0.203108] ACPI: PCI Interrupt Link [LNKB] (IRQs 5 9 *10 11)
[    0.204080] ACPI: PCI Interrupt Link [LNKC] (IRQs 5 *9 10 11)
[    0.204832] ACPI: PCI Interrupt Link [LNKD] (IRQs 5 9 10 *11)
[    0.205771] SCSI subsystem initialized
[    0.206275] pci 0000:00:02.0: vgaarb: setting as boot VGA device
[    0.206275] pci 0000:00:02.0: vgaarb: VGA device added: decodes=io+mem,owns=io+mem,locks=none
[    0.208007] pci 0000:00:02.0: vgaarb: bridge control possible
[    0.208682] vgaarb: loaded
[    0.209060] ACPI: bus type USB registered
[    0.209566] usbcore: registered new interface driver usbfs
[    0.210223] usbcore: registered new interface driver hub
[    0.210870] usbcore: registered new device driver usb
[    0.211507] EDAC MC: Ver: 3.0.0
[    0.212153] PCI: Using ACPI for IRQ routing
[    0.212722] NetLabel: Initializing
[    0.213164] NetLabel:  domain hash size = 128
[    0.213692] NetLabel:  protocols = UNLABELED CIPSOv4 CALIPSO
[    0.214379] NetLabel:  unlabeled traffic allowed by default
[    0.215054] clocksource: Switched to clocksource kvm-clock
[    0.220308] VFS: Disk quotas dquot_6.6.0
[    0.221202] VFS: Dquot-cache hash table entries: 512 (order 0, 4096 bytes)
[    0.222065] AppArmor: AppArmor Filesystem Enabled
[    0.222647] pnp: PnP ACPI init
[    0.223710] pnp: PnP ACPI: found 3 devices
[    0.231109] clocksource: acpi_pm: mask: 0xffffff max_cycles: 0xffffff, max_idle_ns: 2085701024 ns
[    0.232202] NET: Registered protocol family 2
[    0.232775] IP idents hash table entries: 32768 (order: 6, 262144 bytes)
[    0.233767] TCP established hash table entries: 16384 (order: 5, 131072 bytes)
[    0.234661] TCP bind hash table entries: 16384 (order: 6, 262144 bytes)
[    0.235890] TCP: Hash tables configured (established 16384 bind 16384)
[    0.236689] UDP hash table entries: 1024 (order: 3, 32768 bytes)
[    0.237395] UDP-Lite hash table entries: 1024 (order: 3, 32768 bytes)
[    0.238159] NET: Registered protocol family 1
[    0.238703] pci 0000:00:00.0: Limiting direct PCI/PCI transfers
[    0.239421] pci 0000:00:01.0: Activating ISA DMA hang workarounds
[    0.240180] pci 0000:00:02.0: Video device with shadowed ROM at [mem 0x000c0000-0x000dffff]
[    0.241224] Unpacking initramfs...
[    0.457756] Freeing initrd memory: 19528K
[    0.458398] clocksource: tsc: mask: 0xffffffffffffffff max_cycles: 0x29dc14de4d7, max_idle_ns: 440795211394 ns
[    0.459617] platform rtc_cmos: registered platform RTC device (no PNP device found)
[    0.460605] Scanning for low memory corruption every 60 seconds
[    0.461835] Initialise system trusted keyrings
[    0.462372] Key type blacklist registered
[    0.462977] workingset: timestamp_bits=36 max_order=19 bucket_order=0
[    0.464875] zbud: loaded
[    0.465590] squashfs: version 4.0 (2009/01/31) Phillip Lougher
[    0.466391] fuse init (API version 7.26)
[    0.468131] Key type asymmetric registered
[    0.468640] Asymmetric key parser 'x509' registered
[    0.469242] Block layer SCSI generic (bsg) driver version 0.4 loaded (major 246)
[    0.470143] io scheduler noop registered
[    0.470632] io scheduler deadline registered
[    0.471209] io scheduler cfq registered (default)
[    0.471956] ACPI: AC Adapter [AC] (on-line)
[    0.472558] input: Power Button as /devices/LNXSYSTM:00/LNXPWRBN:00/input/input0
[    0.473489] ACPI: Power Button [PWRF]
[    0.473986] input: Sleep Button as /devices/LNXSYSTM:00/LNXSLPBN:00/input/input1
[    0.474915] ACPI: Sleep Button [SLPF]
[    0.475588] Serial: 8250/16550 driver, 32 ports, IRQ sharing enabled
[    0.496830] 00:02: ttyS0 at I/O 0x3f8 (irq = 4, base_baud = 115200) is a 16550A
[    0.499634] Linux agpgart interface v0.103
[    0.501073] loop: module loaded
[    0.501999] scsi host0: ata_piix
[    0.502483] scsi host1: ata_piix
[    0.502948] ata1: PATA max UDMA/33 cmd 0x1f0 ctl 0x3f6 bmdma 0xd000 irq 14
[    0.503747] ata2: PATA max UDMA/33 cmd 0x170 ctl 0x376 bmdma 0xd008 irq 15
[    0.504614] tun: Universal TUN/TAP device driver, 1.6
[    0.505274] PPP generic driver version 2.4.2
[    0.505839] ehci_hcd: USB 2.0 'Enhanced' Host Controller (EHCI) Driver
[    0.506596] ehci-pci: EHCI PCI platform driver
[    0.507186] ehci-platform: EHCI generic platform driver
[    0.507814] ohci_hcd: USB 1.1 'Open' Host Controller (OHCI) Driver
[    0.508570] ohci-pci: OHCI PCI platform driver
[    0.509116] ohci-platform: OHCI generic platform driver
[    0.509740] uhci_hcd: USB Universal Host Controller Interface driver
[    0.510516] i8042: PNP: PS/2 Controller [PNP0303:PS2K,PNP0f03:PS2M] at 0x60,0x64 irq 1,12
[    0.511892] serio: i8042 KBD port at 0x60,0x64 irq 1
[    0.512525] serio: i8042 AUX port at 0x60,0x64 irq 12
[    0.513259] mousedev: PS/2 mouse device common for all mice
[    0.514353] input: AT Translated Set 2 keyboard as /devices/platform/i8042/serio0/input/input2
[    0.515425] rtc_cmos rtc_cmos: rtc core: registered rtc_cmos as rtc0
[    0.516358] rtc_cmos rtc_cmos: alarms up to one day, 114 bytes nvram
[    0.517101] i2c /dev entries driver
[    0.517572] device-mapper: uevent: version 1.0.3
[    0.518182] device-mapper: ioctl: 4.37.0-ioctl (2017-09-20) initialised: dm-devel@redhat.com
[    0.519235] ledtrig-cpu: registered to indicate activity on CPUs
[    0.520146] NET: Registered protocol family 10
[    0.523081] Segment Routing with IPv6
[    0.523557] NET: Registered protocol family 17
[    0.524201] Key type dns_resolver registered
[    0.524887] mce: Using 0 MCE banks
[    0.525331] RAS: Correctable Errors collector initialized.
[    0.525993] sched_clock: Marking stable (524867857, 0)->(649512829, -124644972)
[    0.527174] registered taskstats version 1
[    0.527688] Loading compiled-in X.509 certificates
[    0.529890] Loaded X.509 cert 'Build time autogenerated kernel key: ea99b1e66d5186ff77dcfb46de385e3fbd0a569c'
[    0.531450] Loaded X.509 cert 'Canonical Ltd. Live Patch Signing: 14df34d1a87cf37625abec039ef2bf521249b969'
[    0.533006] Loaded X.509 cert 'Canonical Ltd. Kernel Module Signing: 88f752e560a1e0737e31163a466ad7b70a850c19'
[    0.534170] blacklist: Loading compiled-in revocation X.509 certificates
[    0.535001] Loaded X.509 cert 'Canonical Ltd. Secure Boot Signing: 61482aa2830d0ab2ad5af10b7250da9033ddcef0'
[    0.536188] zswap: loaded using pool lzo/zbud
[    0.538945] Key type big_key registered
[    0.539422] Key type trusted registered
[    0.541046] Key type encrypted registered
[    0.541549] AppArmor: AppArmor sha1 policy hashing enabled
[    0.542203] ima: No TPM chip found, activating TPM-bypass! (rc=-19)
[    0.542988] ima: Allocated hash algorithm: sha1
[    0.543549] evm: HMAC attrs: 0x1
[    0.544136]   Magic number: 2:467:774
[    0.544612] mem zero: hash matches
[    0.545098] rtc_cmos rtc_cmos: setting system clock to 2022-04-20 07:47:06 UTC (1650440826)
[    0.546151] BIOS EDD facility v0.16 2004-Jun-25, 0 devices found
[    0.546902] EDD information not available.
[    0.689679] Freeing unused kernel image memory: 2468K
[    0.829147] Write protecting the kernel read-only data: 20480k
[    0.832637] Freeing unused kernel image memory: 2008K
[    0.835241] Freeing unused kernel image memory: 1820K
[    0.842044] x86/mm: Checked W+X mappings: passed, no W+X pages found.
[    0.842790] x86/mm: Checking user space page tables
[    0.849446] x86/mm: Checked W+X mappings: passed, no W+X pages found.
Loading, please wait...
starting version 237
[    0.893605] e1000: Intel(R) PRO/1000 Network Driver - version 7.3.21-k8-NAPI
[    0.894477] e1000: Copyright (c) 1999-2006 Intel Corporation.
[    0.898018] Fusion MPT base driver 3.04.20
[    0.898543] Copyright (c) 1999-2008 LSI Corporation
[    0.902128] Fusion MPT SPI Host driver 3.04.20
[    0.904242] mptbase: ioc0: Initiating bringup
[    0.917077] AVX2 version of gcm_enc/dec engaged.
[    0.917790] AES CTR mode by8 optimization enabled
[    1.110180] input: ImExPS/2 Generic Explorer Mouse as /devices/platform/i8042/serio1/input/input4
[    1.120151] ioc0: LSI53C1030 A0: Capabilities={Initiator}
[    3.800887] scsi host2: ioc0: LSI53C1030 A0, FwRev=00000000h, Ports=1, MaxQ=256, IRQ=20
[    5.824558] scsi 2:0:0:0: Direct-Access     VBOX     HARDDISK         1.0  PQ: 0 ANSI: 5
[    5.880210] scsi target2:0:0: Beginning Domain Validation
[    5.881862] scsi target2:0:0: Domain Validation skipping write tests
[    5.882628] scsi target2:0:0: Ending Domain Validation
[    5.883340] scsi target2:0:0: asynchronous
[    5.884089] scsi 2:0:1:0: Direct-Access     VBOX     HARDDISK         1.0  PQ: 0 ANSI: 5
[    6.180061] scsi target2:0:1: Beginning Domain Validation
[    6.181416] random: fast init done
[    6.181903] scsi target2:0:1: Domain Validation skipping write tests
[    6.182710] scsi target2:0:1: Ending Domain Validation
[    6.183423] scsi target2:0:1: asynchronous
[    6.186192] random: systemd-udevd: uninitialized urandom read (16 bytes read)
[    6.187096] random: systemd-udevd: uninitialized urandom read (16 bytes read)
[    6.187963] random: systemd-udevd: uninitialized urandom read (16 bytes read)
[    6.189036] sd 2:0:0:0: [sda] 83886080 512-byte logical blocks: (42.9 GB/40.0 GiB)
[    6.190494] sd 2:0:0:0: [sda] Write Protect is off
[    6.191154] sd 2:0:0:0: [sda] Incomplete mode parameter data
[    6.191429] e1000 0000:00:03.0 eth0: (PCI:33MHz:32-bit) 02:33:ba:03:32:e5
[    6.191832] sd 2:0:0:0: [sda] Assuming drive cache: write through
[    6.192652] e1000 0000:00:03.0 eth0: Intel(R) PRO/1000 Network Connection
[    6.194340] sd 2:0:0:0: Attached scsi generic sg0 type 0
[    6.195333] sd 2:0:1:0: Attached scsi generic sg1 type 0
[    6.196013] sd 2:0:1:0: [sdb] 20480 512-byte logical blocks: (10.5 MB/10.0 MiB)
[    6.197001] sd 2:0:1:0: [sdb] Write Protect is off
[    6.197624]  sda: sda1
[    6.198034] sd 2:0:1:0: [sdb] Incomplete mode parameter data
[    6.198713] sd 2:0:1:0: [sdb] Assuming drive cache: write through
[    6.199849] sd 2:0:0:0: [sda] Attached SCSI disk
[    6.201735] sd 2:0:1:0: [sdb] Attached SCSI disk
[    6.542994] e1000 0000:00:08.0 eth1: (PCI:33MHz:32-bit) 08:00:27:43:8e:a5
[    6.543839] e1000 0000:00:08.0 eth1: Intel(R) PRO/1000 Network Connection
[    6.545570] e1000 0000:00:03.0 enp0s3: renamed from eth0
[    6.560603] e1000 0000:00:08.0 enp0s8: renamed from eth1
Begin: Loading essential drivers ... [    7.971930] raid6: sse2x1   gen() 17062 MB/s
[    8.030650] raid6: sse2x1   xor() 10424 MB/s
[    8.079769] raid6: sse2x2   gen() 19323 MB/s
[    8.131873] raid6: sse2x2   xor() 12361 MB/s
[    8.180046] raid6: sse2x4   gen() 18692 MB/s
[    8.236168] raid6: sse2x4   xor() 13238 MB/s
[    8.291852] raid6: avx2x1   gen() 33888 MB/s
[    8.350799] raid6: avx2x1   xor() 20714 MB/s
[    8.398907] raid6: avx2x2   gen() 35914 MB/s
[    8.451728] raid6: avx2x2   xor() 25687 MB/s
[    8.506738] raid6: avx2x4   gen() 42568 MB/s
[    8.567085] raid6: avx2x4   xor() 28770 MB/s
[    8.567822] raid6: using algorithm avx2x4 gen() 42568 MB/s
[    8.568503] raid6: .... xor() 28770 MB/s, rmw enabled
[    8.569091] raid6: using avx2x2 recovery algorithm
[    8.570428] xor: automatically using best checksumming function   avx       
[    8.571874] async_tx: api initialized (async)
done.
Begin: Running /scripts/init-premount ... done.
Begin: Mounting root file system ... Begin: Running /scripts/local-top ... done.
Begin: Running /scripts/local-premount ... [    8.602759] Btrfs loaded, crc32c=crc32c-intel
Scanning for Btrfs filesystems
done.
Warning: fsck not present, so skipping root file system
[    8.620544] EXT4-fs (sda1): mounted filesystem with ordered data mode. Opts: (null)
done.
Begin: Running /scripts/local-bottom ... done.
Begin: Running /scripts/init-bottom ... done.
[    8.792969] ip_tables: (C) 2000-2006 Netfilter Core Team
[    8.798007] systemd[1]: systemd 237 running in system mode. (+PAM +AUDIT +SELINUX +IMA +APPARMOR +SMACK +SYSVINIT +UTMP +LIBCRYPTSETUP +GCRYPT +GNUTLS +ACL +XZ +LZ4 +SECCOMP +BLKID +ELFUTILS +KMOD -IDN2 +IDN -PCRE2 default-hierarchy=hybrid)
[    8.800498] systemd[1]: Detected virtualization oracle.
[    8.801174] systemd[1]: Detected architecture x86-64.

Welcome to [1mUbuntu 18.04.6 LTS[0m!

[    8.804855] systemd[1]: Set hostname to <ubuntu>.
[    8.806333] systemd[1]: Initializing machine ID from random generator.
[    8.807136] systemd[1]: Installed transient /etc/machine-id file.
[    9.087784] systemd[1]: Set up automount Arbitrary Executable File Formats File System Automount Point.
[[0;32m  OK  [0m] Set up automount Arbitrary Executab…rmats File System Automount Point.
[    9.089835] systemd[1]: Reached target System Time Synchronized.
[[0;32m  OK  [0m] Reached target System Time Synchronized.
[    9.092106] systemd[1]: Created slice System Slice.
[[0;32m  OK  [0m] Created slice System Slice.
[    9.093278] systemd[1]: Listening on fsck to fsckd communication Socket.
[[0;32m  OK  [0m] Listening on fsck to fsckd communication Socket.
[[0;32m  OK  [0m] Listening on /dev/initctl Compatibility Named Pipe.
[[0;32m  OK  [0m] Listening on LVM2 metadata daemon socket.
[[0;32m  OK  [0m] Listening on Device-mapper event daemon FIFOs.
[[0;32m  OK  [0m] Listening on udev Control Socket.
[[0;32m  OK  [0m] Listening on Syslog Socket.
[[0;32m  OK  [0m] Listening on Journal Audit Socket.
[[0;32m  OK  [0m] Listening on Network Service Netlink Socket.
[[0;32m  OK  [0m] Listening on Journal Socket (/dev/log).
[[0;32m  OK  [0m] Listening on udev Kernel Socket.
[[0;32m  OK  [0m] Started Forward Password Requests to Wall Directory Watch.
[[0;32m  OK  [0m] Created slice User and Session Slice.
[[0;32m  OK  [0m] Reached target Slices.
[[0;32m  OK  [0m] Created slice system-serial\x2dgetty.slice.
[[0;32m  OK  [0m] Listening on LVM2 poll daemon socket.
[[0;32m  OK  [0m] Reached target Swap.
[[0;32m  OK  [0m] Listening on Journal Socket.
         Starting Uncomplicated firewall...
         Starting Load Kernel Modules...
         Mounting Huge Pages File System...
         Starting File System Check on Root Device...
         Starting Create list of required st…ce nodes for the current kernel...
         Starting udev Coldplug all Devices...
         Starting Journal Service...
         Mounting Kernel Debug File System...
         Starting Set the console keyboard layout...
         Mounting POSIX Message Queue File System...
         Starting Monitoring of LVM2 mirrors…ng dmeventd or progress polling...
[[0;32m  OK  [0m] Reached target User and Group Name Lookups.
[[0;32m  OK  [0m] Started Uncomplicated firewall.
[[0;32m  OK  [0m] Mounted Huge Pages File System.
[[0;32m  OK  [0m] Started Create list of required sta…vice nodes for the current kernel.
[[0;32m  OK  [0m] Mounted Kernel Debug File System.
[[0;32m  OK  [0m] Mounted POSIX Message Queue File System.
[[0;32m  OK  [0m] Started File System Check Daemon to report status.
         Starting Create Static Device Nodes in /dev...
[    9.156916] Loading iSCSI transport class v2.0-870.
[    9.161546] iscsi: registered transport (tcp)
[[0;32m  OK  [0m] Started udev Coldplug all Devices.
[[0;32m  OK  [0m] Started Journal Service.
[[0;32m  OK  [0m] Started LVM2 metadata daemon.
[[0;32m  OK  [0m] Started Create Static Device Nodes in /dev.
[[0;32m  OK  [0m] Started File System Check on Root Device.
[    9.247631] iscsi: registered transport (iser)
[[0;32m  OK  [0m] Started Load Kernel Modules.
[[0;32m  OK  [0m] Started Monitoring of LVM2 mirrors,…sing dmeventd or progress polling.
         Starting Apply Kernel Variables...
         Mounting Kernel Configuration File System...
         Mounting FUSE Control File System...
         Starting Remount Root and Kernel File Systems...
[[0;32m  OK  [0m] Mounted Kernel Configuration File System.
[[0;32m  OK  [0m] Mounted FUSE Control File System.
[[0;32m  OK  [0m] Started Remount Root and Kernel File Systems.
[[0;32m  OK  [0m] Started Apply Kernel Variables.
         Starting Flush Journal to Persistent Storage...
         Starting Load/Save Random Seed...
         Starting udev Kernel Device Manager...
[[0;32m  OK  [0m] Started Load/Save Random Seed.
[[0;32m  OK  [0m] Started udev Kernel Device Manager.
[[0;32m  OK  [0m] Started Flush Journal to Persistent Storage.
[[0;32m  OK  [0m] Found device /dev/ttyS0.
[[0;32m  OK  [0m] Listening on Load/Save RF Kill Switch Status /dev/rfkill Watch.
[[0;32m  OK  [0m] Started Set the console keyboard layout.
[[0;32m  OK  [0m] Reached target Local File Systems (Pre).
[[0;32m  OK  [0m] Reached target Local File Systems.
         Starting AppArmor initialization...
         Starting Commit a transient machine-id on disk...
         Starting Create Volatile Files and Directories...
         Starting ebtables ruleset management...
         Starting Tell Plymouth To Write Out Runtime Data...
         Starting Set console font and keymap...
[[0;32m  OK  [0m] Started Dispatch Password Requests to Console Directory Watch.
[[0;32m  OK  [0m] Reached target Local Encrypted Volumes.
[[0;32m  OK  [0m] Started Create Volatile Files and Directories.
         Starting Update UTMP about System Boot/Shutdown...
[[0;32m  OK  [0m] Started Tell Plymouth To Write Out Runtime Data.
[[0;32m  OK  [0m] Started Update UTMP about System Boot/Shutdown.
[[0;32m  OK  [0m] Started Commit a transient machine-id on disk.
[[0;32m  OK  [0m] Started ebtables ruleset management.
[[0;32m  OK  [0m] Started AppArmor initialization.
         Starting Load AppArmor profiles managed internally by snapd...
         Starting Initial cloud-init job (pre-networking)...
[[0;32m  OK  [0m] Started Load AppArmor profiles managed internally by snapd.
[[0;32m  OK  [0m] Started Set console font and keymap.
[   11.577438] cloud-init[741]: Cloud-init v. 22.1-14-g2e17a0d6-0ubuntu1~18.04.3 running 'init-local' at Wed, 20 Apr 2022 07:47:17 +0000. Up 11.30 seconds.
[[0;32m  OK  [0m] Started Initial cloud-init job (pre-networking).
[[0;32m  OK  [0m] Reached target Network (Pre).
         Starting Network Service...
[[0;32m  OK  [0m] Started Network Service.
         Starting Network Name Resolution...
         Starting Wait for Network to be Configured...
[[0;32m  OK  [0m] Started Network Name Resolution.
[[0;32m  OK  [0m] Reached target Host and Network Name Lookups.
[[0;32m  OK  [0m] Reached target Network.
[[0;32m  OK  [0m] Started Wait for Network to be Configured.
         Starting Initial cloud-init job (metadata service crawler)...
[   13.521950] cloud-init[1042]: Cloud-init v. 22.1-14-g2e17a0d6-0ubuntu1~18.04.3 running 'init' at Wed, 20 Apr 2022 07:47:19 +0000. Up 13.38 seconds.
[   13.523063] cloud-init[1042]: ci-info: ++++++++++++++++++++++++++++++++++++++Net device info+++++++++++++++++++++++++++++++++++++++
[   13.524048] cloud-init[1042]: ci-info: +--------+-------+----------------------------+---------------+--------+-------------------+
[   13.525005] cloud-init[1042]: ci-info: | Device |   Up  |          Address           |      Mask     | Scope  |     Hw-Address    |
[   13.525952] cloud-init[1042]: ci-info: +--------+-------+----------------------------+---------------+--------+-------------------+
[   13.526911] cloud-init[1042]: ci-info: | enp0s3 |  True |         10.0.2.15          | 255.255.255.0 | global | 02:33:ba:03:32:e5 |
[   13.527879] cloud-init[1042]: ci-info: | enp0s3 |  True | fe80::33:baff:fe03:32e5/64 |       .       |  link  | 02:33:ba:03:32:e5 |
[   13.528839] cloud-init[1042]: ci-info: | enp0s8 | False |             .              |       .       |   .    | 08:00:27:43:8e:a5 |
[   13.529783] cloud-init[1042]: ci-info: |   lo   |  True |         127.0.0.1          |   255.0.0.0   |  host  |         .         |
[   13.530738] cloud-init[1042]: ci-info: |   lo   |  True |          ::1/128           |       .       |  host  |         .         |
[   13.531692] cloud-init[1042]: ci-info: +--------+-------+----------------------------+---------------+--------+-------------------+
[   13.532637] cloud-init[1042]: ci-info: ++++++++++++++++++++++++++++Route IPv4 info+++++++++++++++++++++++++++++
[   13.533462] cloud-init[1042]: ci-info: +-------+-------------+----------+-----------------+-----------+-------+
[   13.534271] cloud-init[1042]: ci-info: | Route | Destination | Gateway  |     Genmask     | Interface | Flags |
[   13.535087] cloud-init[1042]: ci-info: +-------+-------------+----------+-----------------+-----------+-------+
[   13.535895] cloud-init[1042]: ci-info: |   0   |   0.0.0.0   | 10.0.2.2 |     0.0.0.0     |   enp0s3  |   UG  |
[   13.536722] cloud-init[1042]: ci-info: |   1   |   10.0.2.0  | 0.0.0.0  |  255.255.255.0  |   enp0s3  |   U   |
[   13.537547] cloud-init[1042]: ci-info: |   2   |   10.0.2.2  | 0.0.0.0  | 255.255.255.255 |   enp0s3  |   UH  |
[   13.538353] cloud-init[1042]: ci-info: +-------+-------------+----------+-----------------+-----------+-------+
[   13.539191] cloud-init[1042]: ci-info: +++++++++++++++++++Route IPv6 info+++++++++++++++++++
[   13.539891] cloud-init[1042]: ci-info: +-------+-------------+---------+-----------+-------+
[   13.540588] cloud-init[1042]: ci-info: | Route | Destination | Gateway | Interface | Flags |
[   13.541281] cloud-init[1042]: ci-info: +-------+-------------+---------+-----------+-------+
[   13.542002] cloud-init[1042]: ci-info: |   1   |  fe80::/64  |    ::   |   enp0s3  |   U   |
[   13.542692] cloud-init[1042]: ci-info: |   3   |    local    |    ::   |   enp0s3  |   U   |
[   13.543391] cloud-init[1042]: ci-info: |   4   |   ff00::/8  |    ::   |   enp0s3  |   U   |
[   13.544089] cloud-init[1042]: ci-info: +-------+-------------+---------+-----------+-------+
[   14.185233] cloud-init[1042]: Generating public/private rsa key pair.
[   14.186004] cloud-init[1042]: Your identification has been saved in /etc/ssh/ssh_host_rsa_key.
[   14.186910] cloud-init[1042]: Your public key has been saved in /etc/ssh/ssh_host_rsa_key.pub.
[   14.187857] cloud-init[1042]: The key fingerprint is:
[   14.188543] cloud-init[1042]: SHA256:3oEWdZA0I2hYp0//Juc+wcAtlMOf3V4s+vaxS8tnEL4 root@ubuntu-bionic
[   14.189678] cloud-init[1042]: The key's randomart image is:
[   14.190258] cloud-init[1042]: +---[RSA 2048]----+
[   14.190762] cloud-init[1042]: |     o..oo*+.    |
[   14.191320] cloud-init[1042]: |    . oo o*+     |
[   14.191813] cloud-init[1042]: |     .. oo + o o |
[   14.192326] cloud-init[1042]: |       o ++ + + +|
[   14.192827] cloud-init[1042]: |        S o+ o +.|
[   14.193334] cloud-init[1042]: |       o . o+ o .|
[   14.193830] cloud-init[1042]: |        . o +o = |
[   14.194329] cloud-init[1042]: |           =. E *|
[   14.194834] cloud-init[1042]: |           .oo B+|
[   14.195331] cloud-init[1042]: +----[SHA256]-----+
[   14.195832] cloud-init[1042]: Generating public/private dsa key pair.
[   14.196492] cloud-init[1042]: Your identification has been saved in /etc/ssh/ssh_host_dsa_key.
[   14.197352] cloud-init[1042]: Your public key has been saved in /etc/ssh/ssh_host_dsa_key.pub.
[   14.198210] cloud-init[1042]: The key fingerprint is:
[   14.198738] cloud-init[1042]: SHA256:dWYzaGvZ7C52qKnEM1fU5u0FEa5A0DTXsvvYAkjypIc root@ubuntu-bionic
[   14.199616] cloud-init[1042]: The key's randomart image is:
[   14.200201] cloud-init[1042]: +---[DSA 1024]----+
[   14.200704] cloud-init[1042]: |        .++ ..o. |
[   14.201202] cloud-init[1042]: |         ..=.... |
[   14.201701] cloud-init[1042]: |          * Ooo  |
[   14.202202] cloud-init[1042]: |      . o+ %.= . |
[   14.202701] cloud-init[1042]: |       BS.= =.. .|
[   14.203275] cloud-init[1042]: |     .E +o.... . |
[   14.203843] cloud-init[1042]: |      =..  o.+.  |
[   14.204412] cloud-init[1042]: |     . + .+.+ o  |
[   14.204972] cloud-init[1042]: |      ..oo o..   |
[   14.205537] cloud-init[1042]: +----[SHA256]-----+
[   14.206113] cloud-init[1042]: Generating public/private ecdsa key pair.
[   14.206898] cloud-init[1042]: Your identification has been saved in /etc/ssh/ssh_host_ecdsa_key.
[   14.207749] cloud-init[1042]: Your public key has been saved in /etc/ssh/ssh_host_ecdsa_key.pub.
[   14.208562] cloud-init[1042]: The key fingerprint is:
[   14.209083] cloud-init[1042]: SHA256:/0lOXwYVj3hAlHVZGVtAGD78K/iJSoM594XjhqMlyfg root@ubuntu-bionic
[   14.209919] cloud-init[1042]: The key's randomart image is:
[   14.210462] cloud-init[1042]: +---[ECDSA 256]---+
[   14.211008] cloud-init[1042]: |           o=*++O|
[   14.211510] cloud-init[1042]: |           ooo ==|
[   14.212010] cloud-init[1042]: |            = o.o|
[   14.212515] cloud-init[1042]: |             + . |
[   14.212977] cloud-init[1042]: |        S     o  |
[   14.213447] cloud-init[1042]: |     o + . o   o |
[   14.213905] cloud-init[1042]: |    . B =.= = . o|
[   14.214369] cloud-init[1042]: |     . *o+.X = o |
[   14.214839] cloud-init[1042]: |      E..++ * .  |
[   14.215308] cloud-init[1042]: +----[SHA256]-----+
[   14.215767] cloud-init[1042]: Generating public/private ed25519 key pair.
[   14.216409] cloud-init[1042]: Your identification has been saved in /etc/ssh/ssh_host_ed25519_key.
[   14.217224] cloud-init[1042]: Your public key has been saved in /etc/ssh/ssh_host_ed25519_key.pub.
[   14.218040] cloud-init[1042]: The key fingerprint is:
[   14.218503] cloud-init[1042]: SHA256:6BPkePh0okPeGkZtPxUd/xvucwuEh23lVHvS422cY6g root@ubuntu-bionic
[   14.219269] cloud-init[1042]: The key's randomart image is:
[   14.219742] cloud-init[1042]: +--[ED25519 256]--+
[   14.220159] cloud-init[1042]: |            .   .|
[   14.220577] cloud-init[1042]: |           . o .o|
[   14.220994] cloud-init[1042]: |      .   . . o=o|
[   14.221401] cloud-init[1042]: |     * .   .+ *+=|
[   14.221812] cloud-init[1042]: |    = X S .o * B=|
[   14.222232] cloud-init[1042]: |   + O = .  = o.+|
[   14.222645] cloud-init[1042]: |    * = o  E . o |
[   14.223065] cloud-init[1042]: |   . + . .    o..|
[   14.223499] cloud-init[1042]: |    .          o+|
[   14.223910] cloud-init[1042]: +----[SHA256]-----+
[[0;32m  OK  [0m] Started Initial cloud-init job (metadata service crawler).
[[0;32m  OK  [0m] Reached target Network is Online.
         Starting Availability of block devices...
[[0;32m  OK  [0m] Reached target Remote File Systems (Pre).
[[0;32m  OK  [0m] Reached target Remote File Systems.
[[0;32m  OK  [0m] Reached target System Initialization.
[[0;32m  OK  [0m] Started Ubuntu Advantage Timer for running repeated jobs.
[[0;32m  OK  [0m] Started Discard unused blocks once a week.
[[0;32m  OK  [0m] Started Daily apt download activities.
[[0;32m  OK  [0m] Started Trigger to poll for Ubuntu …(Only enabled on GCP LTS non-pro).
[[0;32m  OK  [0m] Started ACPI Events Check.
[[0;32m  OK  [0m] Started Message of the Day.
[[0;32m  OK  [0m] Listening on D-Bus System Message Bus Socket.
[[0;32m  OK  [0m] Listening on Open-iSCSI iscsid Socket.
[[0;32m  OK  [0m] Listening on ACPID Listen Socket.
[[0;32m  OK  [0m] Started Daily Cleanup of Temporary Directories.
[[0;32m  OK  [0m] Started Daily apt upgrade and clean activities.
[[0;32m  OK  [0m] Reached target Timers.
         Starting Socket activation for snappy daemon.
[[0;32m  OK  [0m] Reached target Paths.
         Starting LXD - unix socket.
[[0;32m  OK  [0m] Listening on cloud-init hotplug hook socket.
[[0;32m  OK  [0m] Listening on UUID daemon activation socket.
[[0;32m  OK  [0m] Reached target Cloud-config availability.
[[0;32m  OK  [0m] Started Availability of block devices.
[[0;32m  OK  [0m] Listening on Socket activation for snappy daemon.
[[0;32m  OK  [0m] Listening on LXD - unix socket.
[[0;32m  OK  [0m] Reached target Sockets.
[[0;32m  OK  [0m] Reached target Basic System.
         Starting LSB: Record successful boot for GRUB...
         Starting Accounts Service...
[[0;32m  OK  [0m] Started D-Bus System Message Bus.
         Starting System Logging Service...
         Starting LXD - container startup/shutdown...
[[0;32m  OK  [0m] Started Deferred execution scheduler.
         Starting Permit User Sessions...
         Starting Dispatcher daemon for systemd-networkd...
         Starting LSB: automatic crash report generation...
         Starting Virtualbox guest utils...
[[0;32m  OK  [0m] Started irqbalance daemon.
         Starting Login Service...
[[0;32m  OK  [0m] Started Regular background program processing daemon.
         Starting Snap Daemon...
         Starting Pollinate to seed the pseudo random number generator...
[[0;32m  OK  [0m] Started FUSE filesystem for LXC.
[[0;32m  OK  [0m] Started System Logging Service.
[[0;32m  OK  [0m] Started Permit User Sessions.
         Starting Terminate Plymouth Boot Screen...
         Starting Hold until boot process finishes up...
[[0;32m  OK  [0m] Started Hold until boot process finishes up.
         Starting Set console scheme...
[[0;32m  OK  [0m] Started Serial Getty on ttyS0.
[[0;32m  OK  [0m] Started Terminate Plymouth Boot Screen.
[[0;32m  OK  [0m] Started LSB: automatic crash report generation.
[[0;32m  OK  [0m] Started Set console scheme.
[[0;32m  OK  [0m] Started Login Service.
[[0;32m  OK  [0m] Started Unattended Upgrades Shutdown.
[[0;32m  OK  [0m] Created slice system-getty.slice.
[[0;32m  OK  [0m] Started Getty on tty1.
[[0;32m  OK  [0m] Reached target Login Prompts.
         Starting Authorization Manager...
[[0;32m  OK  [0m] Started Authorization Manager.
[[0;32m  OK  [0m] Started Accounts Service.
[[0;32m  OK  [0m] Started LSB: Record successful boot for GRUB.
[[0;32m  OK  [0m] Started LXD - container startup/shutdown.
[[0;32m  OK  [0m] Started Virtualbox guest utils.
[[0;32m  OK  [0m] Started Dispatcher daemon for systemd-networkd.
[[0;32m  OK  [0m] Started Snap Daemon.
         Starting Wait until snapd is fully seeded...
         Starting Time & Date Service...
[[0;32m  OK  [0m] Started Time & Date Service.
[[0;32m  OK  [0m] Started Pollinate to seed the pseudo random number generator.
         Starting OpenBSD Secure Shell server...
[[0;32m  OK  [0m] Started OpenBSD Secure Shell server.
[[0;32m  OK  [0m] Created slice User Slice of vagrant.
         Starting User Manager for UID 1000...
[[0;32m  OK  [0m] Started Session 1 of user vagrant.
[[0;32m  OK  [0m] Started User Manager for UID 1000.
[[0;32m  OK  [0m] Started Wait until snapd is fully seeded.
         Starting Apply the settings specified in cloud-config...
[[0;32m  OK  [0m] Reached target Multi-User System.
[[0;32m  OK  [0m] Reached target Graphical Interface.
         Starting Update UTMP about System Runlevel Changes...
[[0;32m  OK  [0m] Started Update UTMP about System Runlevel Changes.
[   17.702563] cloud-init[1714]: Cloud-init v. 22.1-14-g2e17a0d6-0ubuntu1~18.04.3 running 'modules:config' at Wed, 20 Apr 2022 07:47:23 +0000. Up 17.43 seconds.
[[0;32m  OK  [0m] Started Apply the settings specified in cloud-config.
         Starting Execute cloud user/final scripts...
         Stopping User Manager for UID 1000...
[[0;32m  OK  [0m] Stopped User Manager for UID 1000.
[[0;32m  OK  [0m] Removed slice User Slice of vagrant.
ci-info: no authorized SSH keys fingerprints found for user ubuntu.
[[0;32m  OK  [0m] Created slice User Slice of vagrant.
         Starting User Manager for UID 1000...
[[0;32m  OK  [0m] Started Session 3 of user vagrant.
<14>Apr 20 07:47:24 cloud-init: #############################################################
<14>Apr 20 07:47:24 cloud-init: -----BEGIN SSH HOST KEY FINGERPRINTS-----
<14>Apr 20 07:47:24 cloud-init: 1024 SHA256:dWYzaGvZ7C52qKnEM1fU5u0FEa5A0DTXsvvYAkjypIc root@ubuntu-bionic (DSA)
<14>Apr 20 07:47:24 cloud-init: 256 SHA256:/0lOXwYVj3hAlHVZGVtAGD78K/iJSoM594XjhqMlyfg root@ubuntu-bionic (ECDSA)
<14>Apr 20 07:47:24 cloud-init: 256 SHA256:6BPkePh0okPeGkZtPxUd/xvucwuEh23lVHvS422cY6g root@ubuntu-bionic (ED25519)
<14>Apr 20 07:47:24 cloud-init: 2048 SHA256:3oEWdZA0I2hYp0//Juc+wcAtlMOf3V4s+vaxS8tnEL4 root@ubuntu-bionic (RSA)
<14>Apr 20 07:47:24 cloud-init: -----END SSH HOST KEY FINGERPRINTS-----
<14>Apr 20 07:47:24 cloud-init: #############################################################
-----BEGIN SSH HOST KEY KEYS-----
ecdsa-sha2-nistp256 AAAAE2VjZHNhLXNoYTItbmlzdHAyNTYAAAAIbmlzdHAyNTYAAABBBD9eGhFgnJkhAiSyuvBoeeyv42pzPjDVmzBl90zAy6OZIdIaIxZg+zW6mLMjaxnH9oUDTBuE9eGhX6J76h9rgCc= root@ubuntu-bionic
ssh-ed25519 AAAAC3NzaC1lZDI1NTE5AAAAIL3oW9pXYCXs9DHIII5LnpwXEuEKI4WcVJaA5Z6LbyJ+ root@ubuntu-bionic
ssh-rsa AAAAB3NzaC1yc2EAAAADAQABAAABAQCRZ2RmgI9an2xLVsMH+UtP2yg1q/xkxFfPeP3IGLoUExidi+I5kRWGrnbx2HyTm5uBU753Gv8lDleiId8ZVRRkCelhKFxgZc/MgnfZJuvqEpymZVJY+uzJY18dEmwvM9CQUmg2LZ23xnuopoWm+myYVlFEp+Vv6ocadwQCOWj8TCjOCg7bvjAHRzjnGtTfLW8LDkkiTOEdCDf1uTdaF7lMymWLYFitbnLp2JZaXWG97aSApiEuolk/gR18QHNxWGCcRSHJ5I5LrgXvmVrff6EH3JXnbk7uSSGwWQZYMd4u/elHMBYFQ2ncEYymCofZyCLWEaaCioMkK2Pp2BiGS5gp root@ubuntu-bionic
-----END SSH HOST KEY KEYS-----
[[0;32m  OK  [0m] Started User Manager for UID 1000.
[   18.166724] cloud-init[1900]: Cloud-init v. 22.1-14-g2e17a0d6-0ubuntu1~18.04.3 running 'modules:final' at Wed, 20 Apr 2022 07:47:23 +0000. Up 18.02 seconds.
[   18.167948] cloud-init[1900]: Cloud-init v. 22.1-14-g2e17a0d6-0ubuntu1~18.04.3 finished at Wed, 20 Apr 2022 07:47:24 +0000. Datasource DataSourceNoCloud [seed=/dev/sdb][dsmode=net].  Up 18.16 seconds
[[0;32m  OK  [0m] Started Execute cloud user/final scripts.
[[0;32m  OK  [0m] Reached target Cloud-init target.

Ubuntu 18.04.6 LTS ubuntu-bionic ttyS0

ubuntu-bionic login: 